\BOOKMARK [-1][-]{Doc-Start}{LIST OF TABLES}{}% 1
\BOOKMARK [-1][-]{Doc-Start}{LIST OF FIGURES}{}% 2
\BOOKMARK [0][-]{chapter.1}{1 }{Doc-Start}% 3
\BOOKMARK [0][-]{chapter.2}{2 }{Doc-Start}% 4
\BOOKMARK [1][-]{section.2.1}{2.1 Related Work}{chapter.2}% 5
\BOOKMARK [1][-]{section.2.2}{2.2 Background}{chapter.2}% 6
\BOOKMARK [2][-]{subsection.2.2.1}{2.2.1 Types of 360 degree videos}{section.2.2}% 7
\BOOKMARK [2][-]{subsection.2.2.2}{2.2.2 Stages in ODS Stitching}{section.2.2}% 8
\BOOKMARK [1][-]{section.2.3}{2.3 System Overview and Data Flow}{chapter.2}% 9
\BOOKMARK [0][-]{chapter.3}{3 }{Doc-Start}% 10
\BOOKMARK [1][-]{section.3.1}{3.1 Measurement Methodology}{chapter.3}% 11
\BOOKMARK [1][-]{section.3.2}{3.2 Energy Characterization}{chapter.3}% 12
\BOOKMARK [1][-]{section.3.3}{3.3 Latency Characterization}{chapter.3}% 13
\BOOKMARK [1][-]{section.3.4}{3.4 Design Scalability}{chapter.3}% 14
\BOOKMARK [1][-]{section.3.5}{3.5 Different sensor configurations for energy efficiency and quality}{chapter.3}% 15
\BOOKMARK [0][-]{chapter.4}{4 }{Doc-Start}% 16
\BOOKMARK [1][-]{subsection.4.0.1}{4.0.1 Techniques for Low Power}{chapter.4}% 17
\BOOKMARK [2][-]{subsection.4.0.2}{4.0.2 Techniques for Low Latency}{subsection.4.0.1}% 18
\BOOKMARK [0][-]{chapter.5}{5 }{Doc-Start}% 19
\BOOKMARK [-1][-]{chapter.5}{REFERENCES}{}% 20
