This is pdfTeX, Version 3.14159265-2.6-1.40.18 (TeX Live 2017/Debian) (preloaded format=pdflatex 2018.1.28)  26 JUN 2018 20:33
entering extended mode
 restricted \write18 enabled.
 %&-line parsing enabled.
**dis.tex
(./dis.tex
LaTeX2e <2017-04-15>
Babel <3.10> and hyphenation patterns for 84 language(s) loaded.
(/usr/share/texlive/texmf-dist/tex/latex/base/report.cls
Document Class: report 2014/09/29 v1.4h Standard LaTeX document class
(/usr/share/texlive/texmf-dist/tex/latex/base/size12.clo
File: size12.clo 2014/09/29 v1.4h Standard LaTeX file (size option)
)
\c@part=\count79
\c@chapter=\count80
\c@section=\count81
\c@subsection=\count82
\c@subsubsection=\count83
\c@paragraph=\count84
\c@subparagraph=\count85
\c@figure=\count86
\c@table=\count87
\abovecaptionskip=\skip41
\belowcaptionskip=\skip42
\bibindent=\dimen102
)
(/usr/share/texlive/texmf-dist/tex/latex/natbib/natbib.sty
Package: natbib 2010/09/13 8.31b (PWD, AO)
\bibhang=\skip43
\bibsep=\skip44
LaTeX Info: Redefining \cite on input line 694.
\c@NAT@ctr=\count88
)
(/usr/share/texlive/texmf-dist/tex/latex/geometry/geometry.sty
Package: geometry 2010/09/12 v5.6 Page Geometry

(/usr/share/texlive/texmf-dist/tex/latex/graphics/keyval.sty
Package: keyval 2014/10/28 v1.15 key=value parser (DPC)
\KV@toks@=\toks14
)
(/usr/share/texlive/texmf-dist/tex/generic/oberdiek/ifpdf.sty
Package: ifpdf 2017/03/15 v3.2 Provides the ifpdf switch
)
(/usr/share/texlive/texmf-dist/tex/generic/oberdiek/ifvtex.sty
Package: ifvtex 2016/05/16 v1.6 Detect VTeX and its facilities (HO)
Package ifvtex Info: VTeX not detected.
)
(/usr/share/texlive/texmf-dist/tex/generic/ifxetex/ifxetex.sty
Package: ifxetex 2010/09/12 v0.6 Provides ifxetex conditional
)
\Gm@cnth=\count89
\Gm@cntv=\count90
\c@Gm@tempcnt=\count91
\Gm@bindingoffset=\dimen103
\Gm@wd@mp=\dimen104
\Gm@odd@mp=\dimen105
\Gm@even@mp=\dimen106
\Gm@layoutwidth=\dimen107
\Gm@layoutheight=\dimen108
\Gm@layouthoffset=\dimen109
\Gm@layoutvoffset=\dimen110
\Gm@dimlist=\toks15
)
(/usr/share/texlive/texmf-dist/tex/latex/fancyhdr/fancyhdr.sty
Package: fancyhdr 2016/10/11 v3.9 Extensive control of page headers and footers

\f@nch@headwidth=\skip45
\f@nch@O@elh=\skip46
\f@nch@O@erh=\skip47
\f@nch@O@olh=\skip48
\f@nch@O@orh=\skip49
\f@nch@O@elf=\skip50
\f@nch@O@erf=\skip51
\f@nch@O@olf=\skip52
\f@nch@O@orf=\skip53
)
(/usr/share/texlive/texmf-dist/tex/latex/tools/afterpage.sty
Package: afterpage 2014/10/28 v1.08 After-Page Package (DPC)
\AP@output=\toks16
\AP@partial=\box26
\AP@footins=\box27
)
(/usr/share/texlive/texmf-dist/tex/latex/graphics/graphicx.sty
Package: graphicx 2017/06/01 v1.1a Enhanced LaTeX Graphics (DPC,SPQR)

(/usr/share/texlive/texmf-dist/tex/latex/graphics/graphics.sty
Package: graphics 2017/06/13 v1.2b Standard LaTeX Graphics (DPC,SPQR)

(/usr/share/texlive/texmf-dist/tex/latex/graphics/trig.sty
Package: trig 2016/01/03 v1.10 sin cos tan (DPC)
)
(/usr/share/texlive/texmf-dist/tex/latex/graphics-cfg/graphics.cfg
File: graphics.cfg 2016/06/04 v1.11 sample graphics configuration
)
Package graphics Info: Driver file: pdftex.def on input line 99.

(/usr/share/texlive/texmf-dist/tex/latex/graphics-def/pdftex.def
File: pdftex.def 2017/06/17 v1.0e Graphics/color driver for pdftex
))
\Gin@req@height=\dimen111
\Gin@req@width=\dimen112
)
(/usr/share/texlive/texmf-dist/tex/latex/amsmath/amsmath.sty
Package: amsmath 2016/11/05 v2.16a AMS math features
\@mathmargin=\skip54

For additional information on amsmath, use the `?' option.
(/usr/share/texlive/texmf-dist/tex/latex/amsmath/amstext.sty
Package: amstext 2000/06/29 v2.01 AMS text

(/usr/share/texlive/texmf-dist/tex/latex/amsmath/amsgen.sty
File: amsgen.sty 1999/11/30 v2.0 generic functions
\@emptytoks=\toks17
\ex@=\dimen113
))
(/usr/share/texlive/texmf-dist/tex/latex/amsmath/amsbsy.sty
Package: amsbsy 1999/11/29 v1.2d Bold Symbols
\pmbraise@=\dimen114
)
(/usr/share/texlive/texmf-dist/tex/latex/amsmath/amsopn.sty
Package: amsopn 2016/03/08 v2.02 operator names
)
\inf@bad=\count92
LaTeX Info: Redefining \frac on input line 213.
\uproot@=\count93
\leftroot@=\count94
LaTeX Info: Redefining \overline on input line 375.
\classnum@=\count95
\DOTSCASE@=\count96
LaTeX Info: Redefining \ldots on input line 472.
LaTeX Info: Redefining \dots on input line 475.
LaTeX Info: Redefining \cdots on input line 596.
\Mathstrutbox@=\box28
\strutbox@=\box29
\big@size=\dimen115
LaTeX Font Info:    Redeclaring font encoding OML on input line 712.
LaTeX Font Info:    Redeclaring font encoding OMS on input line 713.
\macc@depth=\count97
\c@MaxMatrixCols=\count98
\dotsspace@=\muskip10
\c@parentequation=\count99
\dspbrk@lvl=\count100
\tag@help=\toks18
\row@=\count101
\column@=\count102
\maxfields@=\count103
\andhelp@=\toks19
\eqnshift@=\dimen116
\alignsep@=\dimen117
\tagshift@=\dimen118
\tagwidth@=\dimen119
\totwidth@=\dimen120
\lineht@=\dimen121
\@envbody=\toks20
\multlinegap=\skip55
\multlinetaggap=\skip56
\mathdisplay@stack=\toks21
LaTeX Info: Redefining \[ on input line 2817.
LaTeX Info: Redefining \] on input line 2818.
)
(/usr/share/texlive/texmf-dist/tex/latex/amsfonts/amssymb.sty
Package: amssymb 2013/01/14 v3.01 AMS font symbols

(/usr/share/texlive/texmf-dist/tex/latex/amsfonts/amsfonts.sty
Package: amsfonts 2013/01/14 v3.01 Basic AMSFonts support
\symAMSa=\mathgroup4
\symAMSb=\mathgroup5
LaTeX Font Info:    Overwriting math alphabet `\mathfrak' in version `bold'
(Font)                  U/euf/m/n --> U/euf/b/n on input line 106.
))
(/usr/share/texlive/texmf-dist/tex/latex/tools/dcolumn.sty
Package: dcolumn 2014/10/28 v1.06 decimal alignment package (DPC)

(/usr/share/texlive/texmf-dist/tex/latex/tools/array.sty
Package: array 2016/10/06 v2.4d Tabular extension package (FMi)
\col@sep=\dimen122
\extrarowheight=\dimen123
\NC@list=\toks22
\extratabsurround=\skip57
\backup@length=\skip58
))
(/usr/share/texlive/texmf-dist/tex/latex/tocloft/tocloft.sty
Package: tocloft 2013/05/02 v2.3f parameterised ToC, etc., typesetting
Package tocloft Info: The document has chapter divisions on input line 44.
\cftparskip=\skip59
\cftbeforetoctitleskip=\skip60
\cftaftertoctitleskip=\skip61
\cftbeforepartskip=\skip62
\cftpartnumwidth=\skip63
\cftpartindent=\skip64
\cftbeforechapskip=\skip65
\cftchapindent=\skip66
\cftchapnumwidth=\skip67
\cftbeforesecskip=\skip68
\cftsecindent=\skip69
\cftsecnumwidth=\skip70
\cftbeforesubsecskip=\skip71
\cftsubsecindent=\skip72
\cftsubsecnumwidth=\skip73
\cftbeforesubsubsecskip=\skip74
\cftsubsubsecindent=\skip75
\cftsubsubsecnumwidth=\skip76
\cftbeforeparaskip=\skip77
\cftparaindent=\skip78
\cftparanumwidth=\skip79
\cftbeforesubparaskip=\skip80
\cftsubparaindent=\skip81
\cftsubparanumwidth=\skip82
\cftbeforeloftitleskip=\skip83
\cftafterloftitleskip=\skip84
\cftbeforefigskip=\skip85
\cftfigindent=\skip86
\cftfignumwidth=\skip87
\c@lofdepth=\count104
\c@lotdepth=\count105
\cftbeforelottitleskip=\skip88
\cftafterlottitleskip=\skip89
\cftbeforetabskip=\skip90
\cfttabindent=\skip91
\cfttabnumwidth=\skip92
) (./asudis.sty
\fiveblanklines=\skip93
\tenblanklines=\skip94
)
(/usr/share/texlive/texmf-dist/tex/latex/multirow/multirow.sty
Package: multirow 2016/11/25 v2.2 Span multiple rows of a table
\multirow@colwidth=\skip95
\multirow@cntb=\count106
\multirow@dima=\skip96
\bigstrutjot=\dimen124
)
(/usr/share/texmf/tex/latex/lm/lmodern.sty
Package: lmodern 2009/10/30 v1.6 Latin Modern Fonts
LaTeX Font Info:    Overwriting symbol font `operators' in version `normal'
(Font)                  OT1/cmr/m/n --> OT1/lmr/m/n on input line 22.
LaTeX Font Info:    Overwriting symbol font `letters' in version `normal'
(Font)                  OML/cmm/m/it --> OML/lmm/m/it on input line 23.
LaTeX Font Info:    Overwriting symbol font `symbols' in version `normal'
(Font)                  OMS/cmsy/m/n --> OMS/lmsy/m/n on input line 24.
LaTeX Font Info:    Overwriting symbol font `largesymbols' in version `normal'
(Font)                  OMX/cmex/m/n --> OMX/lmex/m/n on input line 25.
LaTeX Font Info:    Overwriting symbol font `operators' in version `bold'
(Font)                  OT1/cmr/bx/n --> OT1/lmr/bx/n on input line 26.
LaTeX Font Info:    Overwriting symbol font `letters' in version `bold'
(Font)                  OML/cmm/b/it --> OML/lmm/b/it on input line 27.
LaTeX Font Info:    Overwriting symbol font `symbols' in version `bold'
(Font)                  OMS/cmsy/b/n --> OMS/lmsy/b/n on input line 28.
LaTeX Font Info:    Overwriting symbol font `largesymbols' in version `bold'
(Font)                  OMX/cmex/m/n --> OMX/lmex/m/n on input line 29.
LaTeX Font Info:    Overwriting math alphabet `\mathbf' in version `normal'
(Font)                  OT1/cmr/bx/n --> OT1/lmr/bx/n on input line 31.
LaTeX Font Info:    Overwriting math alphabet `\mathsf' in version `normal'
(Font)                  OT1/cmss/m/n --> OT1/lmss/m/n on input line 32.
LaTeX Font Info:    Overwriting math alphabet `\mathit' in version `normal'
(Font)                  OT1/cmr/m/it --> OT1/lmr/m/it on input line 33.
LaTeX Font Info:    Overwriting math alphabet `\mathtt' in version `normal'
(Font)                  OT1/cmtt/m/n --> OT1/lmtt/m/n on input line 34.
LaTeX Font Info:    Overwriting math alphabet `\mathbf' in version `bold'
(Font)                  OT1/cmr/bx/n --> OT1/lmr/bx/n on input line 35.
LaTeX Font Info:    Overwriting math alphabet `\mathsf' in version `bold'
(Font)                  OT1/cmss/bx/n --> OT1/lmss/bx/n on input line 36.
LaTeX Font Info:    Overwriting math alphabet `\mathit' in version `bold'
(Font)                  OT1/cmr/bx/it --> OT1/lmr/bx/it on input line 37.
LaTeX Font Info:    Overwriting math alphabet `\mathtt' in version `bold'
(Font)                  OT1/cmtt/m/n --> OT1/lmtt/m/n on input line 38.
)
(/usr/share/texlive/texmf-dist/tex/latex/hyperref/hyperref.sty
Package: hyperref 2017/03/14 v6.85a Hypertext links for LaTeX

(/usr/share/texlive/texmf-dist/tex/generic/oberdiek/hobsub-hyperref.sty
Package: hobsub-hyperref 2016/05/16 v1.14 Bundle oberdiek, subset hyperref (HO)


(/usr/share/texlive/texmf-dist/tex/generic/oberdiek/hobsub-generic.sty
Package: hobsub-generic 2016/05/16 v1.14 Bundle oberdiek, subset generic (HO)
Package: hobsub 2016/05/16 v1.14 Construct package bundles (HO)
Package: infwarerr 2016/05/16 v1.4 Providing info/warning/error messages (HO)
Package: ltxcmds 2016/05/16 v1.23 LaTeX kernel commands for general use (HO)
Package: ifluatex 2016/05/16 v1.4 Provides the ifluatex switch (HO)
Package ifluatex Info: LuaTeX not detected.
Package hobsub Info: Skipping package `ifvtex' (already loaded).
Package: intcalc 2016/05/16 v1.2 Expandable calculations with integers (HO)
Package hobsub Info: Skipping package `ifpdf' (already loaded).
Package: etexcmds 2016/05/16 v1.6 Avoid name clashes with e-TeX commands (HO)
Package etexcmds Info: Could not find \expanded.
(etexcmds)             That can mean that you are not using pdfTeX 1.50 or
(etexcmds)             that some package has redefined \expanded.
(etexcmds)             In the latter case, load this package earlier.
Package: kvsetkeys 2016/05/16 v1.17 Key value parser (HO)
Package: kvdefinekeys 2016/05/16 v1.4 Define keys (HO)
Package: pdftexcmds 2017/03/19 v0.25 Utility functions of pdfTeX for LuaTeX (HO
)
Package pdftexcmds Info: LuaTeX not detected.
Package pdftexcmds Info: \pdf@primitive is available.
Package pdftexcmds Info: \pdf@ifprimitive is available.
Package pdftexcmds Info: \pdfdraftmode found.
Package: pdfescape 2016/05/16 v1.14 Implements pdfTeX's escape features (HO)
Package: bigintcalc 2016/05/16 v1.4 Expandable calculations on big integers (HO
)
Package: bitset 2016/05/16 v1.2 Handle bit-vector datatype (HO)
Package: uniquecounter 2016/05/16 v1.3 Provide unlimited unique counter (HO)
)
Package hobsub Info: Skipping package `hobsub' (already loaded).
Package: letltxmacro 2016/05/16 v1.5 Let assignment for LaTeX macros (HO)
Package: hopatch 2016/05/16 v1.3 Wrapper for package hooks (HO)
Package: xcolor-patch 2016/05/16 xcolor patch
Package: atveryend 2016/05/16 v1.9 Hooks at the very end of document (HO)
Package atveryend Info: \AP@enddocument detected (standard20110627).
Package: atbegshi 2016/06/09 v1.18 At begin shipout hook (HO)
Package: refcount 2016/05/16 v3.5 Data extraction from label references (HO)
Package: hycolor 2016/05/16 v1.8 Color options for hyperref/bookmark (HO)
)
(/usr/share/texlive/texmf-dist/tex/latex/oberdiek/auxhook.sty
Package: auxhook 2016/05/16 v1.4 Hooks for auxiliary files (HO)
)
(/usr/share/texlive/texmf-dist/tex/latex/oberdiek/kvoptions.sty
Package: kvoptions 2016/05/16 v3.12 Key value format for package options (HO)
)
\@linkdim=\dimen125
\Hy@linkcounter=\count107
\Hy@pagecounter=\count108

(/usr/share/texlive/texmf-dist/tex/latex/hyperref/pd1enc.def
File: pd1enc.def 2017/03/14 v6.85a Hyperref: PDFDocEncoding definition (HO)
)
\Hy@SavedSpaceFactor=\count109

(/usr/share/texlive/texmf-dist/tex/latex/latexconfig/hyperref.cfg
File: hyperref.cfg 2002/06/06 v1.2 hyperref configuration of TeXLive
)
Package hyperref Info: Option `pageanchor' set `true' on input line 4374.
Package hyperref Info: Option `plainpages' set `false' on input line 4374.
Package hyperref Info: Option `pdfpagelabels' set `true' on input line 4374.
Package hyperref Info: Option `bookmarks' set `true' on input line 4374.
Package hyperref Info: Option `bookmarksnumbered' set `true' on input line 4374
.
Package hyperref Info: Hyper figures OFF on input line 4498.
Package hyperref Info: Link nesting OFF on input line 4503.
Package hyperref Info: Hyper index ON on input line 4506.
Package hyperref Info: Plain pages OFF on input line 4513.
Package hyperref Info: Backreferencing OFF on input line 4518.
Package hyperref Info: Implicit mode ON; LaTeX internals redefined.
Package hyperref Info: Bookmarks ON on input line 4751.
\c@Hy@tempcnt=\count110

(/usr/share/texlive/texmf-dist/tex/latex/url/url.sty
\Urlmuskip=\muskip11
Package: url 2013/09/16  ver 3.4  Verb mode for urls, etc.
)
LaTeX Info: Redefining \url on input line 5104.
\XeTeXLinkMargin=\dimen126
\Fld@menulength=\count111
\Field@Width=\dimen127
\Fld@charsize=\dimen128
Package hyperref Info: Hyper figures OFF on input line 6358.
Package hyperref Info: Link nesting OFF on input line 6363.
Package hyperref Info: Hyper index ON on input line 6366.
Package hyperref Info: backreferencing OFF on input line 6373.
Package hyperref Info: Link coloring OFF on input line 6378.
Package hyperref Info: Link coloring with OCG OFF on input line 6383.
Package hyperref Info: PDF/A mode OFF on input line 6388.
LaTeX Info: Redefining \ref on input line 6428.
LaTeX Info: Redefining \pageref on input line 6432.
\Hy@abspage=\count112
\c@Item=\count113
\c@Hfootnote=\count114
)

Package hyperref Message: Driver (autodetected): hpdftex.

(/usr/share/texlive/texmf-dist/tex/latex/hyperref/hpdftex.def
File: hpdftex.def 2017/03/14 v6.85a Hyperref driver for pdfTeX
\Fld@listcount=\count115
\c@bookmark@seq@number=\count116

(/usr/share/texlive/texmf-dist/tex/latex/oberdiek/rerunfilecheck.sty
Package: rerunfilecheck 2016/05/16 v1.8 Rerun checks for auxiliary files (HO)
Package uniquecounter Info: New unique counter `rerunfilecheck' on input line 2
82.
)
\Hy@SectionHShift=\skip97
)
(/usr/share/texlive/texmf-dist/tex/latex/caption/subcaption.sty
Package: subcaption 2016/05/22 v1.1-161 Sub-captions (AR)

(/usr/share/texlive/texmf-dist/tex/latex/caption/caption.sty
Package: caption 2016/02/21 v3.3-144 Customizing captions (AR)

(/usr/share/texlive/texmf-dist/tex/latex/caption/caption3.sty
Package: caption3 2016/05/22 v1.7-166 caption3 kernel (AR)
Package caption3 Info: TeX engine: e-TeX on input line 67.
\captionmargin=\dimen129
\captionmargin@=\dimen130
\captionwidth=\dimen131
\caption@tempdima=\dimen132
\caption@indent=\dimen133
\caption@parindent=\dimen134
\caption@hangindent=\dimen135
Package caption Info: Unknown document class (or package),
(caption)             standard defaults will be used.
)

Package caption Warning: Unsupported document class (or package) detected,
(caption)                usage of the caption package is not recommended.
See the caption package documentation for explanation.

Package caption Info: \@makecaption = \long macro:#1#2->\singlespace {\textbf {
#1:} #2\par } .
\c@ContinuedFloat=\count117
Package caption Info: hyperref package is loaded.
)
\c@subfigure=\count118
\c@subtable=\count119
) (/usr/share/texlive/texmf-dist/tex/latex/base/textcomp.sty
Package: textcomp 2017/04/05 v2.0i Standard LaTeX package
Package textcomp Info: Sub-encoding information:
(textcomp)               5 = only ISO-Adobe without \textcurrency
(textcomp)               4 = 5 + \texteuro
(textcomp)               3 = 4 + \textohm
(textcomp)               2 = 3 + \textestimated + \textcurrency
(textcomp)               1 = TS1 - \textcircled - \t
(textcomp)               0 = TS1 (full)
(textcomp)             Font families with sub-encoding setting implement
(textcomp)             only a restricted character set as indicated.
(textcomp)             Family '?' is the default used for unknown fonts.
(textcomp)             See the documentation for details.
Package textcomp Info: Setting ? sub-encoding to TS1/1 on input line 79.

(/usr/share/texlive/texmf-dist/tex/latex/base/ts1enc.def
File: ts1enc.def 2001/06/05 v3.0e (jk/car/fm) Standard LaTeX file
)
LaTeX Info: Redefining \oldstylenums on input line 334.
Package textcomp Info: Setting cmr sub-encoding to TS1/0 on input line 349.
Package textcomp Info: Setting cmss sub-encoding to TS1/0 on input line 350.
Package textcomp Info: Setting cmtt sub-encoding to TS1/0 on input line 351.
Package textcomp Info: Setting cmvtt sub-encoding to TS1/0 on input line 352.
Package textcomp Info: Setting cmbr sub-encoding to TS1/0 on input line 353.
Package textcomp Info: Setting cmtl sub-encoding to TS1/0 on input line 354.
Package textcomp Info: Setting ccr sub-encoding to TS1/0 on input line 355.
Package textcomp Info: Setting ptm sub-encoding to TS1/4 on input line 356.
Package textcomp Info: Setting pcr sub-encoding to TS1/4 on input line 357.
Package textcomp Info: Setting phv sub-encoding to TS1/4 on input line 358.
Package textcomp Info: Setting ppl sub-encoding to TS1/3 on input line 359.
Package textcomp Info: Setting pag sub-encoding to TS1/4 on input line 360.
Package textcomp Info: Setting pbk sub-encoding to TS1/4 on input line 361.
Package textcomp Info: Setting pnc sub-encoding to TS1/4 on input line 362.
Package textcomp Info: Setting pzc sub-encoding to TS1/4 on input line 363.
Package textcomp Info: Setting bch sub-encoding to TS1/4 on input line 364.
Package textcomp Info: Setting put sub-encoding to TS1/5 on input line 365.
Package textcomp Info: Setting uag sub-encoding to TS1/5 on input line 366.
Package textcomp Info: Setting ugq sub-encoding to TS1/5 on input line 367.
Package textcomp Info: Setting ul8 sub-encoding to TS1/4 on input line 368.
Package textcomp Info: Setting ul9 sub-encoding to TS1/4 on input line 369.
Package textcomp Info: Setting augie sub-encoding to TS1/5 on input line 370.
Package textcomp Info: Setting dayrom sub-encoding to TS1/3 on input line 371.
Package textcomp Info: Setting dayroms sub-encoding to TS1/3 on input line 372.

Package textcomp Info: Setting pxr sub-encoding to TS1/0 on input line 373.
Package textcomp Info: Setting pxss sub-encoding to TS1/0 on input line 374.
Package textcomp Info: Setting pxtt sub-encoding to TS1/0 on input line 375.
Package textcomp Info: Setting txr sub-encoding to TS1/0 on input line 376.
Package textcomp Info: Setting txss sub-encoding to TS1/0 on input line 377.
Package textcomp Info: Setting txtt sub-encoding to TS1/0 on input line 378.
Package textcomp Info: Setting lmr sub-encoding to TS1/0 on input line 379.
Package textcomp Info: Setting lmdh sub-encoding to TS1/0 on input line 380.
Package textcomp Info: Setting lmss sub-encoding to TS1/0 on input line 381.
Package textcomp Info: Setting lmssq sub-encoding to TS1/0 on input line 382.
Package textcomp Info: Setting lmvtt sub-encoding to TS1/0 on input line 383.
Package textcomp Info: Setting lmtt sub-encoding to TS1/0 on input line 384.
Package textcomp Info: Setting qhv sub-encoding to TS1/0 on input line 385.
Package textcomp Info: Setting qag sub-encoding to TS1/0 on input line 386.
Package textcomp Info: Setting qbk sub-encoding to TS1/0 on input line 387.
Package textcomp Info: Setting qcr sub-encoding to TS1/0 on input line 388.
Package textcomp Info: Setting qcs sub-encoding to TS1/0 on input line 389.
Package textcomp Info: Setting qpl sub-encoding to TS1/0 on input line 390.
Package textcomp Info: Setting qtm sub-encoding to TS1/0 on input line 391.
Package textcomp Info: Setting qzc sub-encoding to TS1/0 on input line 392.
Package textcomp Info: Setting qhvc sub-encoding to TS1/0 on input line 393.
Package textcomp Info: Setting futs sub-encoding to TS1/4 on input line 394.
Package textcomp Info: Setting futx sub-encoding to TS1/4 on input line 395.
Package textcomp Info: Setting futj sub-encoding to TS1/4 on input line 396.
Package textcomp Info: Setting hlh sub-encoding to TS1/3 on input line 397.
Package textcomp Info: Setting hls sub-encoding to TS1/3 on input line 398.
Package textcomp Info: Setting hlst sub-encoding to TS1/3 on input line 399.
Package textcomp Info: Setting hlct sub-encoding to TS1/5 on input line 400.
Package textcomp Info: Setting hlx sub-encoding to TS1/5 on input line 401.
Package textcomp Info: Setting hlce sub-encoding to TS1/5 on input line 402.
Package textcomp Info: Setting hlcn sub-encoding to TS1/5 on input line 403.
Package textcomp Info: Setting hlcw sub-encoding to TS1/5 on input line 404.
Package textcomp Info: Setting hlcf sub-encoding to TS1/5 on input line 405.
Package textcomp Info: Setting pplx sub-encoding to TS1/3 on input line 406.
Package textcomp Info: Setting pplj sub-encoding to TS1/3 on input line 407.
Package textcomp Info: Setting ptmx sub-encoding to TS1/4 on input line 408.
Package textcomp Info: Setting ptmj sub-encoding to TS1/4 on input line 409.
) (./dis.aux
(./chapter1.aux) (./chapter2.aux) (./chapter3.aux

LaTeX Warning: Label `ODS_Input_Output' multiply defined.


LaTeX Warning: Label `ODS_Input_Output' multiply defined.

) (./chapter4.aux

LaTeX Warning: Label `fig:ex_4_9' multiply defined.


LaTeX Warning: Label `fig:ex_4_9' multiply defined.


LaTeX Warning: Label `fig:ex_4_9' multiply defined.


LaTeX Warning: Label `fig:ex_4_9' multiply defined.


LaTeX Warning: Label `fig:ex_4_9' multiply defined.


LaTeX Warning: Label `fig:ex_4_9' multiply defined.


LaTeX Warning: Label `fig:ex_4_9' multiply defined.

) (./chapter5.aux

LaTeX Warning: Label `fig:ex_4_9' multiply defined.

) (./chapter6.aux) (./chapter7.aux) (./appendix1.aux

LaTeX Warning: Label `ODS_Input_Output' multiply defined.


LaTeX Warning: Label `ODS_Input_Ouput' multiply defined.


LaTeX Warning: Label `ODS_Input_Output' multiply defined.

) (./appendix2.aux) (./vita.aux))
\openout1 = `dis.aux'.

LaTeX Font Info:    Checking defaults for OML/cmm/m/it on input line 17.
LaTeX Font Info:    ... okay on input line 17.
LaTeX Font Info:    Checking defaults for T1/cmr/m/n on input line 17.
LaTeX Font Info:    ... okay on input line 17.
LaTeX Font Info:    Checking defaults for OT1/cmr/m/n on input line 17.
LaTeX Font Info:    ... okay on input line 17.
LaTeX Font Info:    Checking defaults for OMS/cmsy/m/n on input line 17.
LaTeX Font Info:    ... okay on input line 17.
LaTeX Font Info:    Checking defaults for OMX/cmex/m/n on input line 17.
LaTeX Font Info:    ... okay on input line 17.
LaTeX Font Info:    Checking defaults for U/cmr/m/n on input line 17.
LaTeX Font Info:    ... okay on input line 17.
LaTeX Font Info:    Checking defaults for PD1/pdf/m/n on input line 17.
LaTeX Font Info:    ... okay on input line 17.
LaTeX Font Info:    Checking defaults for TS1/cmr/m/n on input line 17.
LaTeX Font Info:    Try loading font information for TS1+cmr on input line 17.

(/usr/share/texlive/texmf-dist/tex/latex/base/ts1cmr.fd
File: ts1cmr.fd 2014/09/29 v2.5h Standard LaTeX font definitions
)
LaTeX Font Info:    ... okay on input line 17.
LaTeX Font Info:    Try loading font information for OT1+lmr on input line 17.

(/usr/share/texmf/tex/latex/lm/ot1lmr.fd
File: ot1lmr.fd 2009/10/30 v1.6 Font defs for Latin Modern
)
*geometry* driver: auto-detecting
*geometry* detected driver: pdftex
*geometry* verbose mode - [ preamble ] result:
* driver: pdftex
* paper: letterpaper
* layout: <same size as paper>
* layoutoffset:(h,v)=(0.0pt,0.0pt)
* modes: includefoot 
* h-part:(L,W,R)=(90.3375pt, 433.62001pt, 90.3375pt)
* v-part:(T,H,B)=(72.26999pt, 650.43pt, 72.27pt)
* \paperwidth=614.295pt
* \paperheight=794.96999pt
* \textwidth=433.62001pt
* \textheight=620.43pt
* \oddsidemargin=18.0675pt
* \evensidemargin=18.0675pt
* \topmargin=-37.0pt
* \headheight=12.0pt
* \headsep=25.0pt
* \topskip=12.0pt
* \footskip=30.0pt
* \marginparwidth=44.0pt
* \marginparsep=10.0pt
* \columnsep=10.0pt
* \skip\footins=10.8pt plus 4.0pt minus 2.0pt
* \hoffset=0.0pt
* \voffset=0.0pt
* \mag=1000
* \@twocolumnfalse
* \@twosidefalse
* \@mparswitchfalse
* \@reversemarginfalse
* (1in=72.27pt=25.4mm, 1cm=28.453pt)

(/usr/share/texlive/texmf-dist/tex/context/base/mkii/supp-pdf.mkii
[Loading MPS to PDF converter (version 2006.09.02).]
\scratchcounter=\count120
\scratchdimen=\dimen136
\scratchbox=\box30
\nofMPsegments=\count121
\nofMParguments=\count122
\everyMPshowfont=\toks23
\MPscratchCnt=\count123
\MPscratchDim=\dimen137
\MPnumerator=\count124
\makeMPintoPDFobject=\count125
\everyMPtoPDFconversion=\toks24
) (/usr/share/texlive/texmf-dist/tex/latex/oberdiek/epstopdf-base.sty
Package: epstopdf-base 2016/05/15 v2.6 Base part for package epstopdf

(/usr/share/texlive/texmf-dist/tex/latex/oberdiek/grfext.sty
Package: grfext 2016/05/16 v1.2 Manage graphics extensions (HO)
)
Package epstopdf-base Info: Redefining graphics rule for `.eps' on input line 4
38.
Package grfext Info: Graphics extension search list:
(grfext)             [.pdf,.png,.jpg,.mps,.jpeg,.jbig2,.jb2,.PDF,.PNG,.JPG,.JPE
G,.JBIG2,.JB2,.eps]
(grfext)             \AppendGraphicsExtensions on input line 456.

(/usr/share/texlive/texmf-dist/tex/latex/latexconfig/epstopdf-sys.cfg
File: epstopdf-sys.cfg 2010/07/13 v1.3 Configuration of (r)epstopdf for TeX Liv
e
))
\AtBeginShipoutBox=\box31
Package hyperref Info: Link coloring OFF on input line 17.

(/usr/share/texlive/texmf-dist/tex/latex/hyperref/nameref.sty
Package: nameref 2016/05/21 v2.44 Cross-referencing by name of section

(/usr/share/texlive/texmf-dist/tex/generic/oberdiek/gettitlestring.sty
Package: gettitlestring 2016/05/16 v1.5 Cleanup title references (HO)
)
\c@section@level=\count126
)
LaTeX Info: Redefining \ref on input line 17.
LaTeX Info: Redefining \pageref on input line 17.
LaTeX Info: Redefining \nameref on input line 17.

(./dis.out) (./dis.out)
\@outlinefile=\write3
\openout3 = `dis.out'.

Package caption Info: Begin \AtBeginDocument code.
Package caption Info: End \AtBeginDocument code.
 [1

{/var/lib/texmf/fonts/map/pdftex/updmap/pdftex.map}]

Package geometry Warning: `letterpaper': not available in `\newgeometry'; skipp
ed.

*geometry* verbose mode - [ newgeometry ] result:
* driver: pdftex
* paper: letterpaper
* layout: <same size as paper>
* layoutoffset:(h,v)=(0.0pt,0.0pt)
* modes: includehead includefoot 
* h-part:(L,W,R)=(90.3375pt, 433.62001pt, 90.3375pt)
* v-part:(T,H,B)=(72.26999pt, 650.43pt, 72.27pt)
* \paperwidth=614.295pt
* \paperheight=794.96999pt
* \textwidth=433.62001pt
* \textheight=583.43pt
* \oddsidemargin=18.0675pt
* \evensidemargin=18.0675pt
* \topmargin=0.0pt
* \headheight=12.0pt
* \headsep=25.0pt
* \topskip=12.0pt
* \footskip=30.0pt
* \marginparwidth=44.0pt
* \marginparsep=10.0pt
* \columnsep=10.0pt
* \skip\footins=10.8pt plus 4.0pt minus 2.0pt
* \hoffset=0.0pt
* \voffset=0.0pt
* \mag=1000
* \@twocolumnfalse
* \@twosidefalse
* \@mparswitchfalse
* \@reversemarginfalse
* (1in=72.27pt=25.4mm, 1cm=28.453pt)

(./dis.toc
LaTeX Font Info:    Try loading font information for OML+lmm on input line 2.
 (/usr/share/texmf/tex/latex/lm/omllmm.fd
File: omllmm.fd 2009/10/30 v1.6 Font defs for Latin Modern
)
LaTeX Font Info:    Try loading font information for OMS+lmsy on input line 2.

(/usr/share/texmf/tex/latex/lm/omslmsy.fd
File: omslmsy.fd 2009/10/30 v1.6 Font defs for Latin Modern
)
LaTeX Font Info:    Try loading font information for OMX+lmex on input line 2.

(/usr/share/texmf/tex/latex/lm/omxlmex.fd
File: omxlmex.fd 2009/10/30 v1.6 Font defs for Latin Modern
)
LaTeX Font Info:    External font `lmex10' loaded for size
(Font)              <12> on input line 2.
LaTeX Font Info:    External font `lmex10' loaded for size
(Font)              <8> on input line 2.
LaTeX Font Info:    External font `lmex10' loaded for size
(Font)              <6> on input line 2.
LaTeX Font Info:    Try loading font information for U+msa on input line 2.

(/usr/share/texlive/texmf-dist/tex/latex/amsfonts/umsa.fd
File: umsa.fd 2013/01/14 v3.01 AMS symbols A
)
LaTeX Font Info:    Try loading font information for U+msb on input line 2.

(/usr/share/texlive/texmf-dist/tex/latex/amsfonts/umsb.fd
File: umsb.fd 2013/01/14 v3.01 AMS symbols B
)

Package Fancyhdr Warning: \headheight is too small (12.0pt): 
 Make it at least 14.49998pt.
 We now make it that large for the rest of the document.
 This may cause the page layout to be inconsistent, however.

[2


])
\tf@toc=\write4
\openout4 = `dis.toc'.

 [3]

Package geometry Warning: `letterpaper': not available in `\newgeometry'; skipp
ed.

*geometry* verbose mode - [ newgeometry ] result:
* driver: pdftex
* paper: letterpaper
* layout: <same size as paper>
* layoutoffset:(h,v)=(0.0pt,0.0pt)
* modes: includehead includefoot 
* h-part:(L,W,R)=(90.3375pt, 433.62001pt, 90.3375pt)
* v-part:(T,H,B)=(72.26999pt, 650.43pt, 72.27pt)
* \paperwidth=614.295pt
* \paperheight=794.96999pt
* \textwidth=433.62001pt
* \textheight=583.43pt
* \oddsidemargin=18.0675pt
* \evensidemargin=18.0675pt
* \topmargin=0.0pt
* \headheight=12.0pt
* \headsep=25.0pt
* \topskip=12.0pt
* \footskip=30.0pt
* \marginparwidth=44.0pt
* \marginparsep=10.0pt
* \columnsep=10.0pt
* \skip\footins=10.8pt plus 4.0pt minus 2.0pt
* \hoffset=0.0pt
* \voffset=0.0pt
* \mag=1000
* \@twocolumnfalse
* \@twosidefalse
* \@mparswitchfalse
* \@reversemarginfalse
* (1in=72.27pt=25.4mm, 1cm=28.453pt)

(./dis.lot)
\tf@lot=\write5
\openout5 = `dis.lot'.

 [4



]

Package geometry Warning: `letterpaper': not available in `\newgeometry'; skipp
ed.

*geometry* verbose mode - [ newgeometry ] result:
* driver: pdftex
* paper: letterpaper
* layout: <same size as paper>
* layoutoffset:(h,v)=(0.0pt,0.0pt)
* modes: includehead includefoot 
* h-part:(L,W,R)=(90.3375pt, 433.62001pt, 90.3375pt)
* v-part:(T,H,B)=(72.26999pt, 650.43pt, 72.27pt)
* \paperwidth=614.295pt
* \paperheight=794.96999pt
* \textwidth=433.62001pt
* \textheight=583.43pt
* \oddsidemargin=18.0675pt
* \evensidemargin=18.0675pt
* \topmargin=0.0pt
* \headheight=12.0pt
* \headsep=25.0pt
* \topskip=12.0pt
* \footskip=30.0pt
* \marginparwidth=44.0pt
* \marginparsep=10.0pt
* \columnsep=10.0pt
* \skip\footins=10.8pt plus 4.0pt minus 2.0pt
* \hoffset=0.0pt
* \voffset=0.0pt
* \mag=1000
* \@twocolumnfalse
* \@twosidefalse
* \@mparswitchfalse
* \@reversemarginfalse
* (1in=72.27pt=25.4mm, 1cm=28.453pt)

(./dis.lof [5



]
Overfull \hbox (122.47914pt too wide) in paragraph at lines 21--21
 [][] [][]\OT1/lmr/m/n/12 Cubemap based Stitch-ing, Path : /media/gunman/Data/f
all-2017/research/mono360/equi2cubic[] []  
 []

)
\tf@lof=\write6
\openout6 = `dis.lof'.



Package Fancyhdr Warning: \headheight is too small (12.0pt): 
 Make it at least 14.49998pt.
 We now make it that large for the rest of the document.
 This may cause the page layout to be inconsistent, however.

[6]
\openout2 = `chapter1.aux'.

 (./chapter1.tex
Chapter 1.

Underfull \hbox (badness 10000) in paragraph at lines 3--4

 []

[1




] [2]
Underfull \hbox (badness 10000) in paragraph at lines 22--26

 []

) [3]
\openout2 = `chapter2.aux'.

 (./chapter2.tex
Chapter 2.
</media/gunman/Data/thesis/ThesisLatex/data/images/fisheye_image_pair.jpg, id=2
79, 963.162pt x 482.019pt>
File: /media/gunman/Data/thesis/ThesisLatex/data/images/fisheye_image_pair.jpg 
Graphic file (type jpg)
<use /media/gunman/Data/thesis/ThesisLatex/data/images/fisheye_image_pair.jpg>
Package pdftex.def Info: /media/gunman/Data/thesis/ThesisLatex/data/images/fish
eye_image_pair.jpg  used on input line 10. on input line 10.
Package pdftex.def Info: Requested size: 216.81pt x 108.50107pt on input line 1
0.
</media/gunman/Data/thesis/ThesisLatex/data/images/fisheye_2_equirect.png, id=2
80, 696.10063pt x 348.30125pt>
File: /media/gunman/Data/thesis/ThesisLatex/data/images/fisheye_2_equirect.png 
Graphic file (type png)
<use /media/gunman/Data/thesis/ThesisLatex/data/images/fisheye_2_equirect.png>
Package pdftex.def Info: /media/gunman/Data/thesis/ThesisLatex/data/images/fish
eye_2_equirect.png  used on input line 16. on input line 16.
Package pdftex.def Info: Requested size: 216.81pt x 108.48247pt on input line 1
6.
LaTeX Font Info:    Try loading font information for TS1+lmr on input line 24.
(/usr/share/texmf/tex/latex/lm/ts1lmr.fd
File: ts1lmr.fd 2009/10/30 v1.6 Font defs for Latin Modern
) [4



 </media/gunman/Data/thesis/ThesisLatex/data/images/fisheye_image_pair.jpg> </m
edia/gunman/Data/thesis/ThesisLatex/data/images/fisheye_2_equirect.png>]
</media/gunman/Data/thesis/ThesisLatex/data/images/fisheye_all6_cropped.jpg, id
=290, 1584.92125pt x 591.20876pt>
File: /media/gunman/Data/thesis/ThesisLatex/data/images/fisheye_all6_cropped.jp
g Graphic file (type jpg)
<use /media/gunman/Data/thesis/ThesisLatex/data/images/fisheye_all6_cropped.jpg
>
Package pdftex.def Info: /media/gunman/Data/thesis/ThesisLatex/data/images/fish
eye_all6_cropped.jpg  used on input line 33. on input line 33.
Package pdftex.def Info: Requested size: 433.62001pt x 161.74844pt on input lin
e 33.
</media/gunman/Data/thesis/ThesisLatex/data/images/ODS_output.png, id=291, 3079
.505pt x 1432.35126pt>
File: /media/gunman/Data/thesis/ThesisLatex/data/images/ODS_output.png Graphic 
file (type png)
<use /media/gunman/Data/thesis/ThesisLatex/data/images/ODS_output.png>
Package pdftex.def Info: /media/gunman/Data/thesis/ThesisLatex/data/images/ODS_
output.png  used on input line 41. on input line 41.
Package pdftex.def Info: Requested size: 433.62001pt x 201.68617pt on input lin
e 41.


LaTeX Warning: `h' float specifier changed to `ht'.

[5 </media/gunman/Data/thesis/ThesisLatex/data/images/fisheye_all6_cropped.jpg>
] [6 </media/gunman/Data/thesis/ThesisLatex/data/images/ODS_output.png>]
Underfull \hbox (badness 10000) in paragraph at lines 94--98

 []


Overfull \hbox (74.88416pt too wide) in paragraph at lines 100--107
[]\OT1/lmr/m/n/12 Compression Re-lated Work: Mo-bisys [Rubrix] Con-duit en-cod-
ing: https://avp.github.io/conduit/
 []


Overfull \hbox (5.89511pt too wide) in paragraph at lines 100--107
\OT1/lmr/m/n/12 https://code.facebook.com/posts/1126354007399553/next-generatio
n-video-encoding-
 []

) [7]
\openout2 = `chapter3.aux'.

 (./chapter3.tex
Chapter 3.
</media/gunman/Data/thesis/ThesisLatex/data/images/Monoscopic_input_output.jpg,
 id=306, 3131.7pt x 4175.6pt>
File: /media/gunman/Data/thesis/ThesisLatex/data/images/Monoscopic_input_output
.jpg Graphic file (type jpg)
<use /media/gunman/Data/thesis/ThesisLatex/data/images/Monoscopic_input_output.
jpg>
Package pdftex.def Info: /media/gunman/Data/thesis/ThesisLatex/data/images/Mono
scopic_input_output.jpg  used on input line 13. on input line 13.
Package pdftex.def Info: Requested size: 216.81pt x 289.07243pt on input line 1
3.

LaTeX Warning: `h' float specifier changed to `ht'.

[8



] [9 </media/gunman/Data/thesis/ThesisLatex/data/images/Monoscopic_input_output
.jpg>]
</media/gunman/Data/thesis/ThesisLatex/data/images/Samsung-Gear-360-Real-360.JP
G, id=316, 1505.625pt x 936.49875pt>
File: /media/gunman/Data/thesis/ThesisLatex/data/images/Samsung-Gear-360-Real-3
60.JPG Graphic file (type jpg)
<use /media/gunman/Data/thesis/ThesisLatex/data/images/Samsung-Gear-360-Real-36
0.JPG>
Package pdftex.def Info: /media/gunman/Data/thesis/ThesisLatex/data/images/Sams
ung-Gear-360-Real-360.JPG  used on input line 30. on input line 30.
Package pdftex.def Info: Requested size: 260.17465pt x 161.8177pt on input line
 30.
</media/gunman/Data/thesis/ThesisLatex/data/images/ODS_Input_Output.jpg, id=317
, 4175.6pt x 3131.7pt>
File: /media/gunman/Data/thesis/ThesisLatex/data/images/ODS_Input_Output.jpg Gr
aphic file (type jpg)
<use /media/gunman/Data/thesis/ThesisLatex/data/images/ODS_Input_Output.jpg>
Package pdftex.def Info: /media/gunman/Data/thesis/ThesisLatex/data/images/ODS_
Input_Output.jpg  used on input line 44. on input line 44.
Package pdftex.def Info: Requested size: 433.62001pt x 325.18259pt on input lin
e 44.


LaTeX Warning: `h' float specifier changed to `ht'.

</media/gunman/Data/thesis/ThesisLatex/data/images/six_camera_rig.jpg, id=318, 
4047.12pt x 3035.34pt>
File: /media/gunman/Data/thesis/ThesisLatex/data/images/six_camera_rig.jpg Grap
hic file (type jpg)
<use /media/gunman/Data/thesis/ThesisLatex/data/images/six_camera_rig.jpg>
Package pdftex.def Info: /media/gunman/Data/thesis/ThesisLatex/data/images/six_
camera_rig.jpg  used on input line 55. on input line 55.
Package pdftex.def Info: Requested size: 216.81pt x 162.5674pt on input line 55
.

LaTeX Warning: `h' float specifier changed to `ht'.


Overfull \hbox (6.88202pt too wide) in paragraph at lines 62--68
[][] 
 []


Underfull \hbox (badness 10000) in paragraph at lines 62--68

 []


Underfull \hbox (badness 10000) in paragraph at lines 69--72

 []

[10 </media/gunman/Data/thesis/ThesisLatex/data/images/Samsung-Gear-360-Real-36
0.JPG>]
</media/gunman/Data/thesis/ThesisLatex/data/images/Offline_stitching_Arch.PNG, 
id=323, 1357.32094pt x 403.5075pt>
File: /media/gunman/Data/thesis/ThesisLatex/data/images/Offline_stitching_Arch.
PNG Graphic file (type png)
<use /media/gunman/Data/thesis/ThesisLatex/data/images/Offline_stitching_Arch.P
NG>
Package pdftex.def Info: /media/gunman/Data/thesis/ThesisLatex/data/images/Offl
ine_stitching_Arch.PNG  used on input line 84. on input line 84.
Package pdftex.def Info: Requested size: 433.62001pt x 128.90338pt on input lin
e 84.


LaTeX Warning: `h' float specifier changed to `ht'.

[11 </media/gunman/Data/thesis/ThesisLatex/data/images/ODS_Input_Output.jpg>]
Overfull \hbox (19.09105pt too wide) in paragraph at lines 99--107
[]\OT1/lmr/m/n/12 Power: Cam-era Cap-ture and ba-sic pro-cess-ing at cam-era: 5
0 W DRAM power(approx.)
 []

[12 </media/gunman/Data/thesis/ThesisLatex/data/images/six_camera_rig.jpg> </me
dia/gunman/Data/thesis/ThesisLatex/data/images/Offline_stitching_Arch.PNG>])
[13]
\openout2 = `chapter4.aux'.

 (./chapter4.tex
Chapter 4.

Underfull \hbox (badness 10000) in paragraph at lines 7--8

 []

[14



]
Underfull \hbox (badness 10000) in paragraph at lines 23--32

 []


Underfull \hbox (badness 10000) in paragraph at lines 23--32

 []


Underfull \hbox (badness 10000) in paragraph at lines 33--34

 []

[15]
</media/gunman/Data/thesis/ThesisLatex/data/images/pyramid_runtime.png, id=346,
 602.25pt x 372.39125pt>
File: /media/gunman/Data/thesis/ThesisLatex/data/images/pyramid_runtime.png Gra
phic file (type png)
<use /media/gunman/Data/thesis/ThesisLatex/data/images/pyramid_runtime.png>
Package pdftex.def Info: /media/gunman/Data/thesis/ThesisLatex/data/images/pyra
mid_runtime.png  used on input line 50. on input line 50.
Package pdftex.def Info: Requested size: 433.62001pt x 268.13286pt on input lin
e 50.
</media/gunman/Data/thesis/ThesisLatex/data/images/sensor0_low_contrast.jpg, id
=347, 5653.12pt x 4239.84pt>
File: /media/gunman/Data/thesis/ThesisLatex/data/images/sensor0_low_contrast.jp
g Graphic file (type jpg)
<use /media/gunman/Data/thesis/ThesisLatex/data/images/sensor0_low_contrast.jpg
>
Package pdftex.def Info: /media/gunman/Data/thesis/ThesisLatex/data/images/sens
or0_low_contrast.jpg  used on input line 65. on input line 65.
Package pdftex.def Info: Requested size: 433.62001pt x 325.1554pt on input line
 65.
 [16 </media/gunman/Data/thesis/ThesisLatex/data/images/pyramid_runtime.png (PN
G copy)>]
</media/gunman/Data/thesis/ThesisLatex/data/images/Before_Histogram_equilizatio
n.jpg, id=352, 462.528pt x 346.896pt>
File: /media/gunman/Data/thesis/ThesisLatex/data/images/Before_Histogram_equili
zation.jpg Graphic file (type jpg)
<use /media/gunman/Data/thesis/ThesisLatex/data/images/Before_Histogram_equiliz
ation.jpg>
Package pdftex.def Info: /media/gunman/Data/thesis/ThesisLatex/data/images/Befo
re_Histogram_equilization.jpg  used on input line 74. on input line 74.
Package pdftex.def Info: Requested size: 433.62001pt x 325.23007pt on input lin
e 74.
</media/gunman/Data/thesis/ThesisLatex/data/images/Normal_Histogram_Distributio
n.jpeg, id=353, 462.528pt x 346.896pt>
File: /media/gunman/Data/thesis/ThesisLatex/data/images/Normal_Histogram_Distri
bution.jpeg Graphic file (type jpg)
<use /media/gunman/Data/thesis/ThesisLatex/data/images/Normal_Histogram_Distrib
ution.jpeg>
Package pdftex.def Info: /media/gunman/Data/thesis/ThesisLatex/data/images/Norm
al_Histogram_Distribution.jpeg  used on input line 83. on input line 83.
Package pdftex.def Info: Requested size: 433.62001pt x 325.23007pt on input lin
e 83.
</media/gunman/Data/thesis/ThesisLatex/data/images/ExecutionTimeComputeStages.p
ng, id=354, 602.25pt x 372.39125pt>
File: /media/gunman/Data/thesis/ThesisLatex/data/images/ExecutionTimeComputeSta
ges.png Graphic file (type png)
<use /media/gunman/Data/thesis/ThesisLatex/data/images/ExecutionTimeComputeStag
es.png>
Package pdftex.def Info: /media/gunman/Data/thesis/ThesisLatex/data/images/Exec
utionTimeComputeStages.png  used on input line 100. on input line 100.
Package pdftex.def Info: Requested size: 433.62001pt x 268.13286pt on input lin
e 100.
 [17 </media/gunman/Data/thesis/ThesisLatex/data/images/sensor0_low_contrast.jp
g>] [18 </media/gunman/Data/thesis/ThesisLatex/data/images/Before_Histogram_equ
ilization.jpg>] [19 </media/gunman/Data/thesis/ThesisLatex/data/images/Normal_H
istogram_Distribution.jpeg>]
</media/gunman/Data/thesis/ThesisLatex/data/images/Power_Efficiency_of_Camera_I
SP_Stages_in_different_configurations.png, id=371, 811.03pt x 500.87125pt>
File: /media/gunman/Data/thesis/ThesisLatex/data/images/Power_Efficiency_of_Cam
era_ISP_Stages_in_different_configurations.png Graphic file (type png)
<use /media/gunman/Data/thesis/ThesisLatex/data/images/Power_Efficiency_of_Came
ra_ISP_Stages_in_different_configurations.png>
Package pdftex.def Info: /media/gunman/Data/thesis/ThesisLatex/data/images/Powe
r_Efficiency_of_Camera_ISP_Stages_in_different_configurations.png  used on inpu
t line 137. on input line 137.
Package pdftex.def Info: Requested size: 433.62001pt x 267.79915pt on input lin
e 137.
 [20 </media/gunman/Data/thesis/ThesisLatex/data/images/ExecutionTimeComputeSta
ges.png (PNG copy)>] [21 </media/gunman/Data/thesis/ThesisLatex/data/images/Pow
er_Efficiency_of_Camera_ISP_Stages_in_different_configurations.png (PNG copy)>]
</media/gunman/Data/thesis/ThesisLatex/data/images/FramesizevsFramenumber.png, 
id=380, 602.25pt x 372.39125pt>
File: /media/gunman/Data/thesis/ThesisLatex/data/images/FramesizevsFramenumber.
png Graphic file (type png)
<use /media/gunman/Data/thesis/ThesisLatex/data/images/FramesizevsFramenumber.p
ng>
Package pdftex.def Info: /media/gunman/Data/thesis/ThesisLatex/data/images/Fram
esizevsFramenumber.png  used on input line 166. on input line 166.
Package pdftex.def Info: Requested size: 433.62001pt x 268.13286pt on input lin
e 166.
 [22 </media/gunman/Data/thesis/ThesisLatex/data/images/FramesizevsFramenumber.
png (PNG copy)>]
Underfull \hbox (badness 10000) in paragraph at lines 181--182

 []

) [23]
\openout2 = `chapter5.aux'.

 (./chapter5.tex
Chapter 5.

Underfull \hbox (badness 10000) in paragraph at lines 3--4

 []


Underfull \hbox (badness 10000) in paragraph at lines 5--12

 []

[24



]
Underfull \hbox (badness 10000) in paragraph at lines 25--29

 []


Underfull \hbox (badness 10000) in paragraph at lines 30--39

 []

[25]
Underfull \hbox (badness 10000) in paragraph at lines 41--44

 []

[26]
Underfull \hbox (badness 10000) in paragraph at lines 49--68

 []


Underfull \hbox (badness 10000) in paragraph at lines 49--68

 []


Underfull \hbox (badness 10000) in paragraph at lines 49--68

 []

[27]
Underfull \hbox (badness 10000) in paragraph at lines 79--94

 []

[28]
Underfull \hbox (badness 10000) in paragraph at lines 95--98

 []

[29]
Underfull \hbox (badness 10000) in paragraph at lines 104--105

 []

[30]
</media/gunman/Data/thesis/ThesisLatex/data/images/HIgh_low_res_architecture.pn
g, id=419, 755.82375pt x 323.2075pt>
File: /media/gunman/Data/thesis/ThesisLatex/data/images/HIgh_low_res_architectu
re.png Graphic file (type png)
<use /media/gunman/Data/thesis/ThesisLatex/data/images/HIgh_low_res_architectur
e.png>
Package pdftex.def Info: /media/gunman/Data/thesis/ThesisLatex/data/images/HIgh
_low_res_architecture.png  used on input line 115. on input line 115.
Package pdftex.def Info: Requested size: 433.62001pt x 185.42366pt on input lin
e 115.
) [31] [32 </media/gunman/Data/thesis/ThesisLatex/data/images/HIgh_low_res_arch
itecture.png>]
\openout2 = `chapter6.aux'.

 (./chapter6.tex
Chapter 6.

Overfull \hbox (7.21138pt too wide) in paragraph at lines 4--12
[]\OT1/lmr/m/n/12 Summarizing the pro-posed op-ti-miza-tions and fu-ture di-rec
-tions. DRAM-less Stacked
 []


Overfull \hbox (14.03703pt too wide) in paragraph at lines 13--15
[]\OT1/lmr/m/n/12 -------------------------------------------------------- New 
Im-age Com-pres-sion Tech-niques:​ 
 []

[33



] [34]
Underfull \hbox (badness 10000) in paragraph at lines 82--96

 []

[35]
Underfull \hbox (badness 10000) in paragraph at lines 104--105

 []


Underfull \hbox (badness 10000) in paragraph at lines 106--107

 []

[36]) [37]
\openout2 = `chapter7.aux'.

 (./chapter7.tex) (./dis.bbl

Package natbib Warning: Empty `thebibliography' environment on input line 8.

) [38



]
\openout2 = `appendix1.aux'.

 (./appendix1.tex
Appendix A.
</media/gunman/Data/thesis/ThesisLatex/data/images/fisheye_all6.jpg, id=456, 18
61.95625pt x 1125.20375pt>
File: /media/gunman/Data/thesis/ThesisLatex/data/images/fisheye_all6.jpg Graphi
c file (type jpg)
<use /media/gunman/Data/thesis/ThesisLatex/data/images/fisheye_all6.jpg>
Package pdftex.def Info: /media/gunman/Data/thesis/ThesisLatex/data/images/fish
eye_all6.jpg  used on input line 8. on input line 8.
Package pdftex.def Info: Requested size: 476.98465pt x 288.2366pt on input line
 8.

Overfull \hbox (43.36464pt too wide) in paragraph at lines 8--9
 [] 
 []


LaTeX Warning: File `/media/gunman/Data/thesis/ThesisLatex/data/images/EqRect_o
ffset_fov_viz_loop v3.jpg' not found on input line 19.

</media/gunman/Data/thesis/ThesisLatex/data/images/EqRect_offset_fov_viz_loop v
3.jpg, id=457, 1861.95625pt x 1125.20375pt>
File: /media/gunman/Data/thesis/ThesisLatex/data/images/EqRect_offset_fov_viz_l
oop v3.jpg Graphic file (type jpg)
<use /media/gunman/Data/thesis/ThesisLatex/data/images/EqRect_offset_fov_viz_lo
op v3.jpg>
Package pdftex.def Info: /media/gunman/Data/thesis/ThesisLatex/data/images/EqRe
ct_offset_fov_viz_loop v3.jpg  used on input line 19. on input line 19.
Package pdftex.def Info: Requested size: 650.43001pt x 393.0546pt on input line
 19.

Overfull \hbox (216.81pt too wide) in paragraph at lines 19--21
 [] 
 []

</media/gunman/Data/thesis/ThesisLatex/data/images/OF_inp_overlap_region_of_adj
_cam.jpg, id=458, 1861.95625pt x 1125.20375pt>
File: /media/gunman/Data/thesis/ThesisLatex/data/images/OF_inp_overlap_region_o
f_adj_cam.jpg Graphic file (type jpg)
<use /media/gunman/Data/thesis/ThesisLatex/data/images/OF_inp_overlap_region_of
_adj_cam.jpg>
Package pdftex.def Info: /media/gunman/Data/thesis/ThesisLatex/data/images/OF_i
np_overlap_region_of_adj_cam.jpg  used on input line 30. on input line 30.
Package pdftex.def Info: Requested size: 476.98465pt x 288.2366pt on input line
 30.

Overfull \hbox (43.36464pt too wide) in paragraph at lines 30--31
 [] 
 []

</media/gunman/Data/thesis/ThesisLatex/data/images/CubeMapBasedStitching.png, i
d=459, 589.20125pt x 883.3pt>
File: /media/gunman/Data/thesis/ThesisLatex/data/images/CubeMapBasedStitching.p
ng Graphic file (type png)
<use /media/gunman/Data/thesis/ThesisLatex/data/images/CubeMapBasedStitching.pn
g>
Package pdftex.def Info: /media/gunman/Data/thesis/ThesisLatex/data/images/Cube
MapBasedStitching.png  used on input line 40. on input line 40.
Package pdftex.def Info: Requested size: 433.62001pt x 650.07356pt on input lin
e 40.

Underfull \hbox (badness 2564) in paragraph at lines 41--41
[]\OT1/lmr/m/n/12 Figure A.4: |Cube-map based Stitch-ing, Path : /media/gunman/
Data/fall-
 []


LaTeX Warning: Float too large for page by 57.06216pt on input line 45.

) [39


 </media/gunman/Data/thesis/ThesisLatex/data/images/fisheye_all6.jpg>]
[40 </media/gunman/Data/thesis/ThesisLatex/data/images/EqRect_offset_fov_viz_lo
op v3.jpg>] [41 </media/gunman/Data/thesis/ThesisLatex/data/images/OF_inp_overl
ap_region_of_adj_cam.jpg>] [42 </media/gunman/Data/thesis/ThesisLatex/data/imag
es/CubeMapBasedStitching.png>]
\openout2 = `appendix2.aux'.

 (./appendix2.texpdfTeX warning (ext4): destination with the same identifier (n
ame{appendix.A}) has been already used, duplicate ignored
<to be read again> 
                   \relax 
l.1 \chapter{Making of the camera rig}
                                      
Appendix A.

Underfull \hbox (badness 10000) in paragraph at lines 18--19

 []

) [43



]
\openout2 = `vita.aux'.

 (./vita.tex)
Package atveryend Info: Empty hook `BeforeClearDocument' on input line 87.
Package atveryend Info: Empty hook `AfterLastShipout' on input line 87.
 (./dis.aux (./chapter1.aux) (./chapter2.aux)
(./chapter3.aux) (./chapter4.aux) (./chapter5.aux) (./chapter6.aux)
(./chapter7.aux) (./appendix1.aux) (./appendix2.aux) (./vita.aux))
Package atveryend Info: Executing hook `AtVeryEndDocument' on input line 87.
Package atveryend Info: Executing hook `AtEndAfterFileList' on input line 87.
Package rerunfilecheck Info: File `dis.out' has not changed.
(rerunfilecheck)             Checksum: 1E3BE9297DA82648CA40AE66481DBD0B;2543.


LaTeX Warning: There were multiply-defined labels.

Package atveryend Info: Empty hook `AtVeryVeryEnd' on input line 87.
 ) 
Here is how much of TeX's memory you used:
 9180 strings out of 492995
 141646 string characters out of 6135073
 229535 words of memory out of 5000000
 12397 multiletter control sequences out of 15000+600000
 25743 words of font info for 36 fonts, out of 8000000 for 9000
 1141 hyphenation exceptions out of 8191
 42i,11n,43p,1789b,457s stack positions out of 5000i,500n,10000p,200000b,80000s
{/usr/share/texmf/fonts/enc/dvips/lm/lm-mathsy.enc}{/usr/share/texmf/fonts/en
c/dvips/lm/lm-rm.enc}{/usr/share/texmf/fonts/enc/dvips/lm/lm-ts1.enc}</usr/shar
e/texmf/fonts/type1/public/lm/lmbx12.pfb></usr/share/texmf/fonts/type1/public/l
m/lmr10.pfb></usr/share/texmf/fonts/type1/public/lm/lmr12.pfb></usr/share/texmf
/fonts/type1/public/lm/lmro12.pfb></usr/share/texmf/fonts/type1/public/lm/lmsy1
0.pfb>
Output written on dis.pdf (49 pages, 21121818 bytes).
PDF statistics:
 530 PDF objects out of 1000 (max. 8388607)
 445 compressed objects within 5 object streams
 107 named destinations out of 1000 (max. 500000)
 410 words of extra memory for PDF output out of 10000 (max. 10000000)

